<?xml version="1.0" encoding="UTF-8"?>
<testng-results ignored="0" total="1" passed="1" failed="0" skipped="0">
  <reporter-output>
  </reporter-output>
  <suite started-at="2023-10-04T15:23:02 IST" name="Default suite" finished-at="2023-10-04T15:23:51 IST" duration-ms="48819">
    <groups>
    </groups>
    <test started-at="2023-10-04T15:23:02 IST" name="Default test" finished-at="2023-10-04T15:23:51 IST" duration-ms="48819">
      <class name="Excelr.LaunchingURL">
        <test-method is-config="true" signature="setup()[pri:0, instance:Excelr.LaunchingURL@7a35b0f5]" started-at="2023-10-04T15:23:02 IST" name="setup" finished-at="2023-10-04T15:23:49 IST" duration-ms="46834" status="PASS">
          <reporter-output>
          </reporter-output>
        </test-method> <!-- setup -->
        <test-method signature="launchbrowser()[pri:0, instance:Excelr.LaunchingURL@7a35b0f5]" started-at="2023-10-04T15:23:49 IST" name="launchbrowser" finished-at="2023-10-04T15:23:51 IST" duration-ms="1754" status="PASS">
          <reporter-output>
          </reporter-output>
        </test-method> <!-- launchbrowser -->
        <test-method is-config="true" signature="Close()[pri:0, instance:Excelr.LaunchingURL@7a35b0f5]" started-at="2023-10-04T15:23:51 IST" name="Close" finished-at="2023-10-04T15:23:51 IST" duration-ms="170" status="PASS">
          <reporter-output>
          </reporter-output>
        </test-method> <!-- Close -->
      </class> <!-- Excelr.LaunchingURL -->
    </test> <!-- Default test -->
  </suite> <!-- Default suite -->
</testng-results>
